<?xml version="1.0" encoding="UTF-8"?>
<robot generator="Robot 3.1.1 (Python 3.6.5 on win32)" generated="20190312 21:16:47.306" rpa="true">
<suite id="s1" name="RobotTest" source="C:\Users\Alessandro\git\robot_test\RobotTest">
<suite id="s1-s1" name="Test" source="C:\Users\Alessandro\git\robot_test\RobotTest\test">
<suite id="s1-s1-s1" name="Test Jenkins" source="C:\Users\Alessandro\git\robot_test\RobotTest\test\test_jenkins.robot">
<kw name="Open Browser" library="SeleniumLibrary" type="setup">
<doc>Opens a new browser instance to the given ``url``.</doc>
<arguments>
<arg>${URL}</arg>
</arguments>
<msg timestamp="20190312 21:16:47.711" level="INFO">Opening browser 'firefox' to base url 'http://raspalex:8080'.</msg>
<status status="PASS" starttime="20190312 21:16:47.709" endtime="20190312 21:16:57.156"></status>
</kw>
<test id="s1-s1-s1-t1" name="LoginAndLogout">
<kw name="Login">
<kw name="Set Browser Implicit Wait" library="SeleniumLibrary">
<doc>Sets the implicit wait value used by Selenium.</doc>
<arguments>
<arg>3</arg>
</arguments>
<status status="PASS" starttime="20190312 21:16:57.162" endtime="20190312 21:16:57.168"></status>
</kw>
<kw name="Input Text" library="SeleniumLibrary">
<doc>Types the given ``text`` into text field identified by ``locator``.</doc>
<arguments>
<arg>id=j_username</arg>
<arg>alex</arg>
</arguments>
<msg timestamp="20190312 21:16:57.170" level="INFO">Typing text 'alex' into text field 'id=j_username'.</msg>
<kw name="Capture Page Screenshot" library="SeleniumLibrary">
<doc>Takes screenshot of the current page and embeds it into log file.</doc>
<msg timestamp="20190312 21:17:00.281" level="INFO" html="yes">&lt;/td&gt;&lt;/tr&gt;&lt;tr&gt;&lt;td colspan="3"&gt;&lt;a href="selenium-screenshot-7.png"&gt;&lt;img src="selenium-screenshot-7.png" width="800px"&gt;&lt;/a&gt;</msg>
<status status="PASS" starttime="20190312 21:17:00.184" endtime="20190312 21:17:00.281"></status>
</kw>
<msg timestamp="20190312 21:17:00.284" level="FAIL">Element with locator 'id=j_username' not found.</msg>
<status status="FAIL" starttime="20190312 21:16:57.169" endtime="20190312 21:17:00.285"></status>
</kw>
<status status="FAIL" starttime="20190312 21:16:57.160" endtime="20190312 21:17:00.285"></status>
</kw>
<status status="FAIL" starttime="20190312 21:16:57.158" endtime="20190312 21:17:00.287" critical="yes">Element with locator 'id=j_username' not found.</status>
</test>
<kw name="Close Browser" library="SeleniumLibrary" type="teardown">
<doc>Closes the current browser.</doc>
<status status="PASS" starttime="20190312 21:17:00.288" endtime="20190312 21:17:01.431"></status>
</kw>
<doc>Testing Jenkins login and logout
</doc>
<status status="FAIL" starttime="20190312 21:16:47.417" endtime="20190312 21:17:01.431"></status>
</suite>
<status status="FAIL" starttime="20190312 21:16:47.414" endtime="20190312 21:17:01.435"></status>
</suite>
<status status="FAIL" starttime="20190312 21:16:47.363" endtime="20190312 21:17:01.438"></status>
</suite>
<statistics>
<total>
<stat pass="0" fail="1">Critical Tasks</stat>
<stat pass="0" fail="1">All Tasks</stat>
</total>
<tag>
</tag>
<suite>
<stat pass="0" fail="1" id="s1" name="RobotTest">RobotTest</stat>
<stat pass="0" fail="1" id="s1-s1" name="Test">RobotTest.Test</stat>
<stat pass="0" fail="1" id="s1-s1-s1" name="Test Jenkins">RobotTest.Test.Test Jenkins</stat>
</suite>
</statistics>
<errors>
</errors>
</robot>
